<?xml version="1.0" encoding="UTF-8"?>
<testng-results skipped="0" failed="0" ignored="0" total="1" passed="1">
  <reporter-output>
  </reporter-output>
  <suite name="Default suite" duration-ms="4659" started-at="2020-09-12T13:31:26Z" finished-at="2020-09-12T13:31:31Z">
    <groups>
    </groups>
    <test name="Default test" duration-ms="4659" started-at="2020-09-12T13:31:26Z" finished-at="2020-09-12T13:31:31Z">
      <class name="com.demos.CutOverAPI">
        <test-method status="PASS" signature="getProdAccessToken()[pri:3, instance:com.demos.CutOverAPI@5f341870]" name="getProdAccessToken" duration-ms="4636" started-at="2020-09-12T13:31:26Z" finished-at="2020-09-12T13:31:31Z">
          <reporter-output>
          </reporter-output>
        </test-method> <!-- getProdAccessToken -->
      </class> <!-- com.demos.CutOverAPI -->
    </test> <!-- Default test -->
  </suite> <!-- Default suite -->
</testng-results>
